Arguments: 
  C:\Program Files\nodejs\node.exe C:\Program Files (x86)\Yarn\bin\yarn.js

PATH: 
  C:\Users\mike\AppData\Local\GitHub\PortableGit_69bd5e6f85e4842f07db71c9618a621154c52254\cmd;C:\Users\mike\AppData\Local\GitHub\PortableGit_69bd5e6f85e4842f07db71c9618a621154c52254\usr\bin;C:\Users\mike\AppData\Local\GitHub\PortableGit_69bd5e6f85e4842f07db71c9618a621154c52254\usr\share\git-tfs;C:\Users\mike\AppData\Local\Apps\2.0\CORRJZR8.WQA\M5LDXVJ5.5YG\gith..tion_317444273a93ac29_0003.0003_3b02964391cfbdd4;C:\Users\mike\AppData\Local\GitHub\lfs-amd64_2.1.1;C:\Users\mike\AppData\Local\Apps\2.0\CORRJZR8.WQA\M5LDXVJ5.5YG\gith..tion_317444273a93ac29_0003.0003_3b02964391cfbdd4\NativeBinaries\x86;C:\Program Files (x86)\Intel\iCLS Client\;C:\Program Files\Intel\iCLS Client\;C:\Windows\system32;C:\Windows;C:\Windows\System32\Wbem;C:\Windows\System32\WindowsPowerShell\v1.0\;C:\Program Files (x86)\NVIDIA Corporation\PhysX\Common;C:\Program Files (x86)\Intel\Intel(R) Management Engine Components\DAL;C:\Program Files\Intel\Intel(R) Management Engine Components\DAL;C:\Program Files (x86)\Intel\Intel(R) Management Engine Components\IPT;C:\Program Files\Intel\Intel(R) Management Engine Components\IPT;C:\Program Files\Git\cmd;C:\WINDOWS\system32;C:\WINDOWS;C:\WINDOWS\System32\Wbem;C:\WINDOWS\System32\WindowsPowerShell\v1.0\;C:\WINDOWS\System32\OpenSSH\;C:\Ampps\php-5.6;C:\ProgramData\ComposerSetup\bin;C:\Program Files (x86)\Yarn\bin\;C:\Program Files\nodejs\;C:\Users\mike\AppData\Local\Microsoft\WindowsApps;C:\Users\mike\AppData\Local\atom\bin;C:\Users\mike\AppData\Local\Microsoft\WindowsApps;C:\Users\mike\AppData\Roaming\Composer\vendor\bin;C:\Users\mike\AppData\Local\Yarn\bin;C:\Users\mike\AppData\Roaming\npm;C:\Windows\Microsoft.NET\Framework\v4.0.30319\

Yarn version: 
  1.7.0

Node version: 
  8.11.3

Platform: 
  win32 x64

Trace: 
  Error: EPERM: operation not permitted, lstat 'C:\Ampps\www\plantdaddy\node_modules\asn1.js'

npm manifest: 
  {
    "name": "preact-boilerplate",
    "version": "6.0.0",
    "description": "Ready-to-go Preact starter project powered by webpack.",
    "scripts": {
      "dev": "cross-env NODE_ENV=development webpack-dev-server --inline --hot --progress",
      "start": "serve build -s -c 1",
      "prestart": "npm run build",
      "build": "cross-env NODE_ENV=production webpack --progress",
      "prebuild": "mkdirp build && ncp src/assets build/assets",
      "test": "npm run -s lint && jest --coverage",
      "test:watch": "npm run -s test -- --watch",
      "lint": "eslint src test"
    },
    "keywords": [
      "preact",
      "boilerplate",
      "webpack"
    ],
    "license": "MIT",
    "author": "Jason Miller <jason@developit.ca>",
    "jest": {
      "setupFiles": [
        "./test/setup.js"
      ],
      "testURL": "http://localhost:8080",
      "moduleFileExtensions": [
        "js",
        "jsx"
      ],
      "moduleDirectories": [
        "node_modules"
      ],
      "moduleNameMapper": {
        "\\.(jpg|jpeg|png|gif|eot|otf|webp|svg|ttf|woff|woff2|mp4|webm|wav|mp3|m4a|aac|oga)$": "<rootDir>/__mocks__/fileMock.js",
        "\\.(css|less)$": "identity-obj-proxy",
        "^react$": "preact-compat",
        "^react-dom$": "preact-compat"
      },
      "collectCoverageFrom": [
        "src/**/*.{js,jsx}"
      ]
    },
    "devDependencies": {
      "autoprefixer": "^8.0.0",
      "babel": "^6.5.2",
      "babel-core": "^6.24.0",
      "babel-eslint": "^8.2.2",
      "babel-jest": "^20.0.0",
      "babel-loader": "^7.0.0",
      "babel-plugin-transform-decorators-legacy": "^1.3.4",
      "babel-plugin-transform-react-jsx": "^6.8.0",
      "babel-preset-es2015": "^6.24.0",
      "babel-preset-stage-0": "^6.5.0",
      "babel-register": "^6.24.0",
      "babel-runtime": "^6.11.6",
      "chai": "^4.0.2",
      "copy-webpack-plugin": "^4.0.1",
      "core-js": "^2.4.1",
      "cross-env": "^5.0.1",
      "css-loader": "^0.28.0",
      "eslint": "^4.1.0",
      "eslint-plugin-jest": "^21.7.1",
      "eslint-plugin-react": "^7.0.0",
      "extract-text-webpack-plugin": "4.0.0-beta.0",
      "file-loader": "^1.1.7",
      "html-webpack-plugin": "^3.0.0",
      "identity-obj-proxy": "^3.0.0",
      "jest": "^20.0.0",
      "json-loader": "^0.5.4",
      "less": "^3.0.0",
      "less-loader": "^4.0.3",
      "mkdirp": "^0.5.1",
      "ncp": "^2.0.0",
      "offline-plugin": "^5.0.0",
      "postcss-loader": "^2.0.3",
      "preact-jsx-chai": "^2.2.1",
      "raw-loader": "^0.5.1",
      "regenerator-runtime": "^0.10.3",
      "replace-bundle-webpack-plugin": "^1.0.0",
      "script-ext-html-webpack-plugin": "^2.0.0",
      "sinon": "^4.2.1",
      "sinon-chai": "^2.9.0",
      "source-map-loader": "^0.2.1",
      "style-loader": "^0.21.0",
      "url-loader": "^1.0.0",
      "webpack": "^4.x.x",
      "webpack-cli": "^3.0.8",
      "webpack-dev-server": "^3.1.4"
    },
    "dependencies": {
      "linkstate": "^1.1.1",
      "preact": "^8.2.9",
      "preact-compat": "^3.18.0",
      "preact-render-to-string": "^3.6.0",
      "preact-router": "^2.5.1",
      "promise-polyfill": "^7.0.1",
      "prop-types": "^15.6.2",
      "proptypes": "^1.0.0",
      "react": "^16.4.1",
      "serve": "^6.0.0",
      "unfetch": "^3.0.0"
    }
  }

yarn manifest: 
  No manifest

Lockfile: 
  No lockfile
